rsync: failed to set times on "/var/opt/CrushFTP10/users/MainUsers": Operation not permitted (1)
rsync: failed to set times on "/var/opt/CrushFTP10/users/MainUsers/Abojeb": Operation not permitted (1)
rsync: mkstemp "/var/opt/CrushFTP10/users/MainUsers/.groups.XML.Us7LRv" failed: Permission denied (13)
rsync: failed to set times on "/var/opt/CrushFTP10/users/MainUsers/Abojeb/VFS": Operation not permitted (1)
rsync: mkstemp "/var/opt/CrushFTP10/users/MainUsers/.inheritance.XML.jD2Zj2" failed: Permission denied (13)
rsync: failed to set times on "/var/opt/CrushFTP10/users/MainUsers/Allegro": Operation not permitted (1)
rsync: failed to set times on "/var/opt/CrushFTP10/users/MainUsers/Allegro/VFS": Operation not permitted (1)
rsync: failed to set times on "/var/opt/CrushFTP10/users/MainUsers/Amdocs": Operation not permitted (1)
rsync: failed to set times on "/var/opt/CrushFTP10/users/MainUsers/Amdocs/VFS": Operation not permitted (1)
rsync: failed to set times on "/var/opt/CrushFTP10/users/MainUsers/Amkor": Operation not permitted (1)
rsync: failed to set times on "/var/opt/CrushFTP10/users/MainUsers/Amkor/VFS": Operation not permitted (1)
rsync: failed to set times on "/var/opt/CrushFTP10/users/MainUsers/BHP": Operation not permitted (1)
rsync: failed to set times on "/var/opt/CrushFTP10/users/MainUsers/BHP/VFS": Operation not permitted (1)
rsync: failed to set times on "/var/opt/CrushFTP10/users/MainUsers/CalambaGov": Operation not permitted (1)
rsync: failed to set times on "/var/opt/CrushFTP10/users/MainUsers/CalambaGov/VFS": Operation not permitted (1)
rsync: failed to set times on "/var/opt/CrushFTP10/users/MainUsers/CebuGov": Operation not permitted (1)
rsync: failed to set times on "/var/opt/CrushFTP10/users/MainUsers/CebuGov/VFS": Operation not permitted (1)
rsync: failed to set times on "/var/opt/CrushFTP10/users/MainUsers/Citibank": Operation not permitted (1)
rsync: failed to set times on "/var/opt/CrushFTP10/users/MainUsers/Citibank/VFS": Operation not permitted (1)
rsync: failed to set times on "/var/opt/CrushFTP10/users/MainUsers/Common": Operation not permitted (1)
rsync: failed to set times on "/var/opt/CrushFTP10/users/MainUsers/Common/VFS": Operation not permitted (1)
rsync: failed to set times on "/var/opt/CrushFTP10/users/MainUsers/CompMer": Operation not permitted (1)
rsync: failed to set times on "/var/opt/CrushFTP10/users/MainUsers/CompMer/VFS": Operation not permitted (1)
rsync: failed to set times on "/var/opt/CrushFTP10/users/MainUsers/Globe": Operation not permitted (1)
rsync: failed to set times on "/var/opt/CrushFTP10/users/MainUsers/Globe/VFS": Operation not permitted (1)
rsync: failed to set times on "/var/opt/CrushFTP10/users/MainUsers/GoldenABC": Operation not permitted (1)
rsync: failed to set times on "/var/opt/CrushFTP10/users/MainUsers/GoldenABC/VFS": Operation not permitted (1)
rsync: failed to set times on "/var/opt/CrushFTP10/users/MainUsers/Huawei": Operation not permitted (1)
rsync: failed to set times on "/var/opt/CrushFTP10/users/MainUsers/Huawei/VFS": Operation not permitted (1)
rsync: failed to set times on "/var/opt/CrushFTP10/users/MainUsers/InfoSys": Operation not permitted (1)
rsync: failed to set times on "/var/opt/CrushFTP10/users/MainUsers/InfoSys/VFS": Operation not permitted (1)
rsync: failed to set times on "/var/opt/CrushFTP10/users/MainUsers/Interactive": Operation not permitted (1)
rsync: failed to set times on "/var/opt/CrushFTP10/users/MainUsers/Interactive/VFS": Operation not permitted (1)
rsync: failed to set times on "/var/opt/CrushFTP10/users/MainUsers/Internal": Operation not permitted (1)
rsync: failed to set times on "/var/opt/CrushFTP10/users/MainUsers/Internal/VFS": Operation not permitted (1)
rsync: failed to set times on "/var/opt/CrushFTP10/users/MainUsers/Kerry": Operation not permitted (1)
rsync: failed to set times on "/var/opt/CrushFTP10/users/MainUsers/Kerry/VFS": Operation not permitted (1)
rsync: failed to set times on "/var/opt/CrushFTP10/users/MainUsers/Kerry_new": Operation not permitted (1)
rsync: failed to set times on "/var/opt/CrushFTP10/users/MainUsers/Kerry_new/VFS": Operation not permitted (1)
rsync: failed to set times on "/var/opt/CrushFTP10/users/MainUsers/Kyndryl": Operation not permitted (1)
rsync: failed to set times on "/var/opt/CrushFTP10/users/MainUsers/Kyndryl/VFS": Operation not permitted (1)
rsync: failed to set times on "/var/opt/CrushFTP10/users/MainUsers/Local": Operation not permitted (1)
rsync: failed to set times on "/var/opt/CrushFTP10/users/MainUsers/Local/VFS": Operation not permitted (1)
rsync: failed to set times on "/var/opt/CrushFTP10/users/MainUsers/Maxim": Operation not permitted (1)
rsync: failed to set times on "/var/opt/CrushFTP10/users/MainUsers/Maxim/VFS": Operation not permitted (1)
rsync: failed to set times on "/var/opt/CrushFTP10/users/MainUsers/Procurri": Operation not permitted (1)
rsync: failed to set times on "/var/opt/CrushFTP10/users/MainUsers/Procurri/VFS": Operation not permitted (1)
rsync: failed to set times on "/var/opt/CrushFTP10/users/MainUsers/SCB": Operation not permitted (1)
rsync: failed to set times on "/var/opt/CrushFTP10/users/MainUsers/SCB/VFS": Operation not permitted (1)
rsync: failed to set times on "/var/opt/CrushFTP10/users/MainUsers/SMAC": Operation not permitted (1)
rsync: failed to set times on "/var/opt/CrushFTP10/users/MainUsers/SMAC/VFS": Operation not permitted (1)
rsync: failed to set times on "/var/opt/CrushFTP10/users/MainUsers/SMRetail": Operation not permitted (1)
rsync: failed to set times on "/var/opt/CrushFTP10/users/MainUsers/SMRetail/VFS": Operation not permitted (1)
rsync: failed to set times on "/var/opt/CrushFTP10/users/MainUsers/SMSGT": Operation not permitted (1)
rsync: failed to set times on "/var/opt/CrushFTP10/users/MainUsers/SMSGT/VFS": Operation not permitted (1)
rsync: failed to set times on "/var/opt/CrushFTP10/users/MainUsers/SNR": Operation not permitted (1)
rsync: failed to set times on "/var/opt/CrushFTP10/users/MainUsers/SNR/VFS": Operation not permitted (1)
rsync: failed to set times on "/var/opt/CrushFTP10/users/MainUsers/STM": Operation not permitted (1)
rsync: failed to set times on "/var/opt/CrushFTP10/users/MainUsers/STM/VFS": Operation not permitted (1)
rsync: failed to set times on "/var/opt/CrushFTP10/users/MainUsers/Sandz": Operation not permitted (1)
rsync: failed to set times on "/var/opt/CrushFTP10/users/MainUsers/Sandz/VFS": Operation not permitted (1)
rsync: failed to set times on "/var/opt/CrushFTP10/users/MainUsers/Schneider": Operation not permitted (1)
rsync: failed to set times on "/var/opt/CrushFTP10/users/MainUsers/Schneider/VFS": Operation not permitted (1)
rsync: failed to set times on "/var/opt/CrushFTP10/users/MainUsers/Smart": Operation not permitted (1)
rsync: failed to set times on "/var/opt/CrushFTP10/users/MainUsers/Smart/VFS": Operation not permitted (1)
rsync: failed to set times on "/var/opt/CrushFTP10/users/MainUsers/Tcscba": Operation not permitted (1)
rsync: failed to set times on "/var/opt/CrushFTP10/users/MainUsers/Tcscba/VFS": Operation not permitted (1)
rsync: failed to set times on "/var/opt/CrushFTP10/users/MainUsers/Temp": Operation not permitted (1)
rsync: failed to set times on "/var/opt/CrushFTP10/users/MainUsers/Temp/VFS": Operation not permitted (1)
rsync: failed to set times on "/var/opt/CrushFTP10/users/MainUsers/TempAccount_BAK": Operation not permitted (1)
rsync: failed to set times on "/var/opt/CrushFTP10/users/MainUsers/TempAccount_BAK/VFS": Operation not permitted (1)
rsync: failed to set times on "/var/opt/CrushFTP10/users/MainUsers/Texas": Operation not permitted (1)
rsync: failed to set times on "/var/opt/CrushFTP10/users/MainUsers/Texas/VFS": Operation not permitted (1)
rsync: failed to set times on "/var/opt/CrushFTP10/users/MainUsers/Transcloudtech": Operation not permitted (1)
rsync: failed to set times on "/var/opt/CrushFTP10/users/MainUsers/Transcloudtech/VFS": Operation not permitted (1)
rsync: failed to set times on "/var/opt/CrushFTP10/users/MainUsers/UCPB": Operation not permitted (1)
rsync: failed to set times on "/var/opt/CrushFTP10/users/MainUsers/UCPB/VFS": Operation not permitted (1)
rsync: failed to set times on "/var/opt/CrushFTP10/users/MainUsers/UTGlobal": Operation not permitted (1)
rsync: failed to set times on "/var/opt/CrushFTP10/users/MainUsers/UTGlobal/VFS": Operation not permitted (1)
rsync: failed to set times on "/var/opt/CrushFTP10/users/MainUsers/Vmtech": Operation not permitted (1)
rsync: failed to set times on "/var/opt/CrushFTP10/users/MainUsers/Vmtech/VFS": Operation not permitted (1)
rsync: failed to set times on "/var/opt/CrushFTP10/users/MainUsers/Wipro": Operation not permitted (1)
rsync: failed to set times on "/var/opt/CrushFTP10/users/MainUsers/Wipro/VFS": Operation not permitted (1)
rsync: failed to set times on "/var/opt/CrushFTP10/users/MainUsers/Woolworths": Operation not permitted (1)
rsync: failed to set times on "/var/opt/CrushFTP10/users/MainUsers/Woolworths/VFS": Operation not permitted (1)
rsync: failed to set times on "/var/opt/CrushFTP10/users/MainUsers/WorleyParson": Operation not permitted (1)
rsync: failed to set times on "/var/opt/CrushFTP10/users/MainUsers/WorleyParson/VFS": Operation not permitted (1)
rsync: failed to set times on "/var/opt/CrushFTP10/users/MainUsers/Ynvolve": Operation not permitted (1)
rsync: failed to set times on "/var/opt/CrushFTP10/users/MainUsers/Ynvolve/VFS": Operation not permitted (1)
rsync: failed to set times on "/var/opt/CrushFTP10/users/MainUsers/crushadmin": Operation not permitted (1)
rsync: failed to set times on "/var/opt/CrushFTP10/users/MainUsers/default": Operation not permitted (1)
rsync: failed to set times on "/var/opt/CrushFTP10/users/MainUsers/default/VFS": Operation not permitted (1)
rsync: failed to set times on "/var/opt/CrushFTP10/users/MainUsers/itsmAU": Operation not permitted (1)
rsync: failed to set times on "/var/opt/CrushFTP10/users/MainUsers/itsmAU/VFS": Operation not permitted (1)
rsync: failed to set times on "/var/opt/CrushFTP10/users/MainUsers/itsmPH": Operation not permitted (1)
rsync: failed to set times on "/var/opt/CrushFTP10/users/MainUsers/itsmPH/VFS": Operation not permitted (1)
rsync: failed to set times on "/var/opt/CrushFTP10/users/MainUsers/itsmadmin": Operation not permitted (1)
rsync: failed to set times on "/var/opt/CrushFTP10/users/MainUsers/itsmadmin/VFS": Operation not permitted (1)
rsync: failed to set times on "/var/opt/CrushFTP10/users/MainUsers/ownSol": Operation not permitted (1)
rsync: failed to set times on "/var/opt/CrushFTP10/users/MainUsers/ownSol/VFS": Operation not permitted (1)
rsync: failed to set times on "/var/opt/CrushFTP10/users/MainUsers/westernsydney": Operation not permitted (1)
rsync: failed to set times on "/var/opt/CrushFTP10/users/MainUsers/westernsydney/VFS": Operation not permitted (1)
rsync: failed to set times on "/var/opt/CrushFTP10/users/MainUsers/wiki": Operation not permitted (1)
rsync: failed to set times on "/var/opt/CrushFTP10/users/MainUsers/wiki/VFS": Operation not permitted (1)
rsync: mkstemp "/var/opt/CrushFTP10/users/MainUsers/Abojeb/.VFS.XML.ZLRypX" failed: Permission denied (13)
rsync: mkstemp "/var/opt/CrushFTP10/users/MainUsers/Abojeb/.user.XML.vbVs7h" failed: Permission denied (13)
rsync: mkstemp "/var/opt/CrushFTP10/users/MainUsers/Abojeb/VFS/.Abojeb.NiBGcj" failed: Permission denied (13)
rsync: mkstemp "/var/opt/CrushFTP10/users/MainUsers/Allegro/.VFS.XML.AAUfcE" failed: Permission denied (13)
rsync: mkstemp "/var/opt/CrushFTP10/users/MainUsers/Allegro/.user.XML.aB1qaD" failed: Permission denied (13)
rsync: mkstemp "/var/opt/CrushFTP10/users/MainUsers/Allegro/VFS/.Allegro.LehBBo" failed: Permission denied (13)
rsync: mkstemp "/var/opt/CrushFTP10/users/MainUsers/Amdocs/.VFS.XML.2aZbGU" failed: Permission denied (13)
rsync: mkstemp "/var/opt/CrushFTP10/users/MainUsers/Amdocs/.user.XML.O2JsAH" failed: Permission denied (13)
rsync: mkstemp "/var/opt/CrushFTP10/users/MainUsers/Amdocs/VFS/.Amdocs.cgAbZZ" failed: Permission denied (13)
rsync: mkstemp "/var/opt/CrushFTP10/users/MainUsers/Amkor/.VFS.XML.Pp0vXY" failed: Permission denied (13)
rsync: mkstemp "/var/opt/CrushFTP10/users/MainUsers/Amkor/.user.XML.or6sue" failed: Permission denied (13)
rsync: mkstemp "/var/opt/CrushFTP10/users/MainUsers/Amkor/VFS/.Amkor.SfPU9O" failed: Permission denied (13)
rsync: mkstemp "/var/opt/CrushFTP10/users/MainUsers/BHP/.VFS.XML.iK7qvp" failed: Permission denied (13)
rsync: mkstemp "/var/opt/CrushFTP10/users/MainUsers/BHP/.user.XML.TO89OF" failed: Permission denied (13)
rsync: mkstemp "/var/opt/CrushFTP10/users/MainUsers/BHP/VFS/.BHP.TYYsLX" failed: Permission denied (13)
rsync: mkstemp "/var/opt/CrushFTP10/users/MainUsers/CalambaGov/.VFS.XML.HM4EM8" failed: Permission denied (13)
rsync: mkstemp "/var/opt/CrushFTP10/users/MainUsers/CalambaGov/.user.XML.ZBPbOC" failed: Permission denied (13)
rsync: mkstemp "/var/opt/CrushFTP10/users/MainUsers/CalambaGov/VFS/.CalambaGov.C31O9q" failed: Permission denied (13)
rsync: mkstemp "/var/opt/CrushFTP10/users/MainUsers/CebuGov/.VFS.XML.Ktnonf" failed: Permission denied (13)
rsync: mkstemp "/var/opt/CrushFTP10/users/MainUsers/CebuGov/.user.XML.iFU8kB" failed: Permission denied (13)
rsync: mkstemp "/var/opt/CrushFTP10/users/MainUsers/CebuGov/VFS/.CebuGov.3VEfFf" failed: Permission denied (13)
rsync: mkstemp "/var/opt/CrushFTP10/users/MainUsers/Citibank/.VFS.XML.V6hNkd" failed: Permission denied (13)
rsync: mkstemp "/var/opt/CrushFTP10/users/MainUsers/Citibank/.user.XML.qsnz57" failed: Permission denied (13)
rsync: mkstemp "/var/opt/CrushFTP10/users/MainUsers/Citibank/VFS/.Citibank.a363hB" failed: Permission denied (13)
rsync: mkstemp "/var/opt/CrushFTP10/users/MainUsers/Common/.VFS.XML.J7GaSY" failed: Permission denied (13)
rsync: mkstemp "/var/opt/CrushFTP10/users/MainUsers/Common/.user.XML.b68en5" failed: Permission denied (13)
rsync: mkstemp "/var/opt/CrushFTP10/users/MainUsers/Common/VFS/.Common.OsQYQa" failed: Permission denied (13)
rsync: mkstemp "/var/opt/CrushFTP10/users/MainUsers/CompMer/.VFS.XML.U6hcHc" failed: Permission denied (13)
rsync: mkstemp "/var/opt/CrushFTP10/users/MainUsers/CompMer/.user.XML.Y6rsIj" failed: Permission denied (13)
rsync: mkstemp "/var/opt/CrushFTP10/users/MainUsers/CompMer/VFS/.CompMer.RxRzoB" failed: Permission denied (13)
rsync: mkstemp "/var/opt/CrushFTP10/users/MainUsers/Globe/.VFS.XML.jcoGFW" failed: Permission denied (13)
rsync: mkstemp "/var/opt/CrushFTP10/users/MainUsers/Globe/.user.XML.e53t6L" failed: Permission denied (13)
rsync: mkstemp "/var/opt/CrushFTP10/users/MainUsers/Globe/VFS/.Globe.FPE49Y" failed: Permission denied (13)
rsync: mkstemp "/var/opt/CrushFTP10/users/MainUsers/GoldenABC/.VFS.XML.LHOfTs" failed: Permission denied (13)
rsync: mkstemp "/var/opt/CrushFTP10/users/MainUsers/GoldenABC/.user.XML.UROIfG" failed: Permission denied (13)
rsync: mkstemp "/var/opt/CrushFTP10/users/MainUsers/GoldenABC/VFS/.GoldenABC.VsvO5B" failed: Permission denied (13)
rsync: mkstemp "/var/opt/CrushFTP10/users/MainUsers/Huawei/.VFS.XML.dkR5bV" failed: Permission denied (13)
rsync: mkstemp "/var/opt/CrushFTP10/users/MainUsers/Huawei/.user.XML.lLzicg" failed: Permission denied (13)
rsync: mkstemp "/var/opt/CrushFTP10/users/MainUsers/Huawei/VFS/.Huawei.udkTuC" failed: Permission denied (13)
rsync: mkstemp "/var/opt/CrushFTP10/users/MainUsers/InfoSys/.VFS.XML.KVZYtr" failed: Permission denied (13)
rsync: mkstemp "/var/opt/CrushFTP10/users/MainUsers/InfoSys/.user.XML.pX7N7m" failed: Permission denied (13)
rsync: mkstemp "/var/opt/CrushFTP10/users/MainUsers/InfoSys/VFS/.Infosys.6QlhH4" failed: Permission denied (13)
rsync: mkstemp "/var/opt/CrushFTP10/users/MainUsers/Interactive/.VFS.XML.3uM4o3" failed: Permission denied (13)
rsync: mkstemp "/var/opt/CrushFTP10/users/MainUsers/Interactive/.user.XML.5Crz4q" failed: Permission denied (13)
rsync: mkstemp "/var/opt/CrushFTP10/users/MainUsers/Interactive/VFS/.Interactive.s9UFTW" failed: Permission denied (13)
rsync: mkstemp "/var/opt/CrushFTP10/users/MainUsers/Internal/.VFS.XML.trhQM4" failed: Permission denied (13)
rsync: mkstemp "/var/opt/CrushFTP10/users/MainUsers/Internal/.user.XML.ErpGrM" failed: Permission denied (13)
rsync: mkstemp "/var/opt/CrushFTP10/users/MainUsers/Internal/VFS/.Internal.nYMOIG" failed: Permission denied (13)
rsync: mkstemp "/var/opt/CrushFTP10/users/MainUsers/Kerry/.VFS.XML.3mXeov" failed: Permission denied (13)
rsync: mkstemp "/var/opt/CrushFTP10/users/MainUsers/Kerry/.user.XML.uCzJH3" failed: Permission denied (13)
rsync: mkstemp "/var/opt/CrushFTP10/users/MainUsers/Kerry/.user_ZP3LkX.XML.50gHmZ" failed: Permission denied (13)
rsync: mkstemp "/var/opt/CrushFTP10/users/MainUsers/Kerry/VFS/.KerryOS.Q8o2Vg" failed: Permission denied (13)
rsync: mkstemp "/var/opt/CrushFTP10/users/MainUsers/Kerry_new/.VFS.XML.FJU7rW" failed: Permission denied (13)
rsync: mkstemp "/var/opt/CrushFTP10/users/MainUsers/Kerry_new/.user.XML.flEQpV" failed: Permission denied (13)
rsync: mkstemp "/var/opt/CrushFTP10/users/MainUsers/Kerry_new/VFS/.Kerry_new.PUERLu" failed: Permission denied (13)
rsync: mkstemp "/var/opt/CrushFTP10/users/MainUsers/Kyndryl/.VFS.XML.ZBYWEw" failed: Permission denied (13)
rsync: mkstemp "/var/opt/CrushFTP10/users/MainUsers/Kyndryl/.user.XML.gk27Cj" failed: Permission denied (13)
rsync: mkstemp "/var/opt/CrushFTP10/users/MainUsers/Kyndryl/VFS/.Kyndryl.ivfyTf" failed: Permission denied (13)
rsync: mkstemp "/var/opt/CrushFTP10/users/MainUsers/Local/.VFS.XML.VLPsMQ" failed: Permission denied (13)
rsync: mkstemp "/var/opt/CrushFTP10/users/MainUsers/Local/.user.XML.hW31FV" failed: Permission denied (13)
rsync: mkstemp "/var/opt/CrushFTP10/users/MainUsers/Local/VFS/.Local.tOIEIe" failed: Permission denied (13)
rsync: mkstemp "/var/opt/CrushFTP10/users/MainUsers/Maxim/.VFS.XML.pPtPG5" failed: Permission denied (13)
rsync: mkstemp "/var/opt/CrushFTP10/users/MainUsers/Maxim/.user.XML.BVpphY" failed: Permission denied (13)
rsync: mkstemp "/var/opt/CrushFTP10/users/MainUsers/Maxim/VFS/.Maxim.WPzUCa" failed: Permission denied (13)
rsync: mkstemp "/var/opt/CrushFTP10/users/MainUsers/Procurri/.VFS.XML.B5WVZG" failed: Permission denied (13)
rsync: mkstemp "/var/opt/CrushFTP10/users/MainUsers/Procurri/.user.XML.ohdA77" failed: Permission denied (13)
rsync: mkstemp "/var/opt/CrushFTP10/users/MainUsers/Procurri/VFS/.Procurri.56WnKb" failed: Permission denied (13)
rsync: mkstemp "/var/opt/CrushFTP10/users/MainUsers/SCB/.VFS.XML.Rl2u7X" failed: Permission denied (13)
rsync: mkstemp "/var/opt/CrushFTP10/users/MainUsers/SCB/.user.XML.lDs5AB" failed: Permission denied (13)
rsync: mkstemp "/var/opt/CrushFTP10/users/MainUsers/SCB/VFS/.SCB.Mq8MZi" failed: Permission denied (13)
rsync: mkstemp "/var/opt/CrushFTP10/users/MainUsers/SMAC/.VFS.XML.Rpj3Gr" failed: Permission denied (13)
rsync: mkstemp "/var/opt/CrushFTP10/users/MainUsers/SMAC/.user.XML.lv5rnC" failed: Permission denied (13)
rsync: mkstemp "/var/opt/CrushFTP10/users/MainUsers/SMAC/VFS/.SMAC.5wAKqd" failed: Permission denied (13)
rsync: mkstemp "/var/opt/CrushFTP10/users/MainUsers/SMRetail/.VFS.XML.L3GgsO" failed: Permission denied (13)
rsync: mkstemp "/var/opt/CrushFTP10/users/MainUsers/SMRetail/.user.XML.8wrmW8" failed: Permission denied (13)
rsync: mkstemp "/var/opt/CrushFTP10/users/MainUsers/SMRetail/VFS/.SM Retail.ThjSrD" failed: Permission denied (13)
rsync: mkstemp "/var/opt/CrushFTP10/users/MainUsers/SMSGT/.VFS.XML.HT6XOU" failed: Permission denied (13)
rsync: mkstemp "/var/opt/CrushFTP10/users/MainUsers/SMSGT/.user.XML.pwj1ra" failed: Permission denied (13)
rsync: mkstemp "/var/opt/CrushFTP10/users/MainUsers/SMSGT/VFS/.SMSGT.lYwtDH" failed: Permission denied (13)
rsync: mkstemp "/var/opt/CrushFTP10/users/MainUsers/SNR/.VFS.XML.DtoPrw" failed: Permission denied (13)
rsync: mkstemp "/var/opt/CrushFTP10/users/MainUsers/SNR/.user.XML.iNPfpf" failed: Permission denied (13)
rsync: mkstemp "/var/opt/CrushFTP10/users/MainUsers/SNR/VFS/.SNR.ygmOvM" failed: Permission denied (13)
rsync: mkstemp "/var/opt/CrushFTP10/users/MainUsers/STM/.VFS.XML.m1FohD" failed: Permission denied (13)
rsync: mkstemp "/var/opt/CrushFTP10/users/MainUsers/STM/.user.XML.5VmsFH" failed: Permission denied (13)
rsync: mkstemp "/var/opt/CrushFTP10/users/MainUsers/STM/VFS/.STM.gIyLTw" failed: Permission denied (13)
rsync: mkstemp "/var/opt/CrushFTP10/users/MainUsers/Sandz/.VFS.XML.Ng2fJp" failed: Permission denied (13)
rsync: mkstemp "/var/opt/CrushFTP10/users/MainUsers/Sandz/.user.XML.0LwvWE" failed: Permission denied (13)
rsync: mkstemp "/var/opt/CrushFTP10/users/MainUsers/Sandz/VFS/.Sandz.HCnikj" failed: Permission denied (13)
rsync: mkstemp "/var/opt/CrushFTP10/users/MainUsers/Schneider/.VFS.XML.3Ae1k5" failed: Permission denied (13)
rsync: mkstemp "/var/opt/CrushFTP10/users/MainUsers/Schneider/.user.XML.acRxa4" failed: Permission denied (13)
rsync: mkstemp "/var/opt/CrushFTP10/users/MainUsers/Schneider/VFS/.Schneider.prlYZZ" failed: Permission denied (13)
rsync: mkstemp "/var/opt/CrushFTP10/users/MainUsers/Smart/.VFS.XML.77GxYl" failed: Permission denied (13)
rsync: mkstemp "/var/opt/CrushFTP10/users/MainUsers/Smart/.user.XML.k7k3la" failed: Permission denied (13)
rsync: mkstemp "/var/opt/CrushFTP10/users/MainUsers/Smart/VFS/.Smart.JMymdN" failed: Permission denied (13)
rsync: mkstemp "/var/opt/CrushFTP10/users/MainUsers/Tcscba/.VFS.XML.KVB7Fu" failed: Permission denied (13)
rsync: mkstemp "/var/opt/CrushFTP10/users/MainUsers/Tcscba/.user.XML.BF7SRT" failed: Permission denied (13)
rsync: mkstemp "/var/opt/CrushFTP10/users/MainUsers/Tcscba/VFS/.TCSCBA.Ziq6lO" failed: Permission denied (13)
rsync: mkstemp "/var/opt/CrushFTP10/users/MainUsers/Temp/.VFS.XML.XO5aZf" failed: Permission denied (13)
rsync: mkstemp "/var/opt/CrushFTP10/users/MainUsers/Temp/.user.XML.uAcszA" failed: Permission denied (13)
rsync: mkstemp "/var/opt/CrushFTP10/users/MainUsers/Temp/VFS/.Temp.iEc9xx" failed: Permission denied (13)
rsync: mkstemp "/var/opt/CrushFTP10/users/MainUsers/TempAccount_BAK/.VFS.XML.hcCCCM" failed: Permission denied (13)
rsync: mkstemp "/var/opt/CrushFTP10/users/MainUsers/TempAccount_BAK/.user.XML.1mDO2O" failed: Permission denied (13)
rsync: mkstemp "/var/opt/CrushFTP10/users/MainUsers/Texas/.VFS.XML.woTOVh" failed: Permission denied (13)
rsync: mkstemp "/var/opt/CrushFTP10/users/MainUsers/Texas/.user.XML.hxGYNw" failed: Permission denied (13)
rsync: mkstemp "/var/opt/CrushFTP10/users/MainUsers/Texas/VFS/.TexasInstruments.4lGFz4" failed: Permission denied (13)
rsync: mkstemp "/var/opt/CrushFTP10/users/MainUsers/Transcloudtech/.VFS.XML.rym6vB" failed: Permission denied (13)
rsync: mkstemp "/var/opt/CrushFTP10/users/MainUsers/Transcloudtech/.user.XML.Batlv8" failed: Permission denied (13)
rsync: mkstemp "/var/opt/CrushFTP10/users/MainUsers/Transcloudtech/VFS/.Transcloud.jshBLM" failed: Permission denied (13)
rsync: mkstemp "/var/opt/CrushFTP10/users/MainUsers/UCPB/.VFS.XML.ZCxJxe" failed: Permission denied (13)
rsync: mkstemp "/var/opt/CrushFTP10/users/MainUsers/UCPB/.user.XML.5mw1IH" failed: Permission denied (13)
rsync: mkstemp "/var/opt/CrushFTP10/users/MainUsers/UCPB/VFS/.UCPB1.1aJ0Pw" failed: Permission denied (13)
rsync: mkstemp "/var/opt/CrushFTP10/users/MainUsers/UTGlobal/.VFS.XML.ojHJEJ" failed: Permission denied (13)
rsync: mkstemp "/var/opt/CrushFTP10/users/MainUsers/UTGlobal/.user.XML.FbSQgV" failed: Permission denied (13)
rsync: mkstemp "/var/opt/CrushFTP10/users/MainUsers/UTGlobal/VFS/.UTGlobal.O2uUSw" failed: Permission denied (13)
rsync: mkstemp "/var/opt/CrushFTP10/users/MainUsers/Vmtech/.VFS.XML.XgNIbt" failed: Permission denied (13)
rsync: mkstemp "/var/opt/CrushFTP10/users/MainUsers/Vmtech/.user.XML.drLLbh" failed: Permission denied (13)
rsync: mkstemp "/var/opt/CrushFTP10/users/MainUsers/Vmtech/VFS/.Vmtech.ZwHH2x" failed: Permission denied (13)
rsync: mkstemp "/var/opt/CrushFTP10/users/MainUsers/Wipro/.VFS.XML.wN2qxW" failed: Permission denied (13)
rsync: mkstemp "/var/opt/CrushFTP10/users/MainUsers/Wipro/.user.XML.cqRWAB" failed: Permission denied (13)
rsync: mkstemp "/var/opt/CrushFTP10/users/MainUsers/Wipro/VFS/.Wipro.ix3Hka" failed: Permission denied (13)
rsync: mkstemp "/var/opt/CrushFTP10/users/MainUsers/Woolworths/.VFS.XML.VVCYBD" failed: Permission denied (13)
rsync: mkstemp "/var/opt/CrushFTP10/users/MainUsers/Woolworths/.user.XML.VzfTZj" failed: Permission denied (13)
rsync: mkstemp "/var/opt/CrushFTP10/users/MainUsers/Woolworths/VFS/.Woolworths.SKgipj" failed: Permission denied (13)
rsync: mkstemp "/var/opt/CrushFTP10/users/MainUsers/WorleyParson/.VFS.XML.GA2jEQ" failed: Permission denied (13)
rsync: mkstemp "/var/opt/CrushFTP10/users/MainUsers/WorleyParson/.user.XML.PoYtMT" failed: Permission denied (13)
rsync: mkstemp "/var/opt/CrushFTP10/users/MainUsers/WorleyParson/VFS/.WorleyParsons.S1lI5J" failed: Permission denied (13)
rsync: mkstemp "/var/opt/CrushFTP10/users/MainUsers/Ynvolve/.VFS.XML.aEBBMb" failed: Permission denied (13)
rsync: mkstemp "/var/opt/CrushFTP10/users/MainUsers/Ynvolve/.user.XML.d3T41r" failed: Permission denied (13)
rsync: mkstemp "/var/opt/CrushFTP10/users/MainUsers/Ynvolve/VFS/.Ynvolve.3mymsB" failed: Permission denied (13)
rsync: mkstemp "/var/opt/CrushFTP10/users/MainUsers/crushadmin/.user.XML.DdHLHb" failed: Permission denied (13)
rsync: mkstemp "/var/opt/CrushFTP10/users/MainUsers/default/.VFS.XML.CyMYEq" failed: Permission denied (13)
rsync: mkstemp "/var/opt/CrushFTP10/users/MainUsers/default/.user.XML.XiUE77" failed: Permission denied (13)
rsync: mkstemp "/var/opt/CrushFTP10/users/MainUsers/itsmAU/.VFS.XML.6VtYrX" failed: Permission denied (13)
rsync: mkstemp "/var/opt/CrushFTP10/users/MainUsers/itsmAU/.user.XML.xoWlEg" failed: Permission denied (13)
rsync: mkstemp "/var/opt/CrushFTP10/users/MainUsers/itsmAU/VFS/.itsmAU.qnVKHR" failed: Permission denied (13)
rsync: mkstemp "/var/opt/CrushFTP10/users/MainUsers/itsmAU/VFS/.itsmPH.o9YDOC" failed: Permission denied (13)
rsync: mkstemp "/var/opt/CrushFTP10/users/MainUsers/itsmPH/.VFS.XML.LFWlD5" failed: Permission denied (13)
rsync: mkstemp "/var/opt/CrushFTP10/users/MainUsers/itsmPH/.user.XML.xXldSH" failed: Permission denied (13)
rsync: mkstemp "/var/opt/CrushFTP10/users/MainUsers/itsmPH/VFS/.itsmAU.JEA6Mz" failed: Permission denied (13)
rsync: mkstemp "/var/opt/CrushFTP10/users/MainUsers/itsmPH/VFS/.itsmPH.OtU4Rf" failed: Permission denied (13)
rsync: mkstemp "/var/opt/CrushFTP10/users/MainUsers/itsmadmin/.VFS.XML.MINedR" failed: Permission denied (13)
rsync: mkstemp "/var/opt/CrushFTP10/users/MainUsers/itsmadmin/.user.XML.thgK2B" failed: Permission denied (13)
rsync: mkstemp "/var/opt/CrushFTP10/users/MainUsers/itsmadmin/VFS/.Logs.wI4mQU" failed: Permission denied (13)
rsync: mkstemp "/var/opt/CrushFTP10/users/MainUsers/ownSol/.VFS.XML.OYdegh" failed: Permission denied (13)
rsync: mkstemp "/var/opt/CrushFTP10/users/MainUsers/ownSol/.user.XML.sd2aA6" failed: Permission denied (13)
rsync: mkstemp "/var/opt/CrushFTP10/users/MainUsers/ownSol/VFS/.ownSol.CyhjGy" failed: Permission denied (13)
rsync: mkstemp "/var/opt/CrushFTP10/users/MainUsers/westernsydney/.VFS.XML.3TqMnn" failed: Permission denied (13)
rsync: mkstemp "/var/opt/CrushFTP10/users/MainUsers/westernsydney/.user.XML.Gcihou" failed: Permission denied (13)
rsync: mkstemp "/var/opt/CrushFTP10/users/MainUsers/westernsydney/VFS/.WesternSydney.QsZW65" failed: Permission denied (13)
rsync: mkstemp "/var/opt/CrushFTP10/users/MainUsers/wiki/.VFS.XML.oWdh7X" failed: Permission denied (13)
rsync: mkstemp "/var/opt/CrushFTP10/users/MainUsers/wiki/.user.XML.DLheD5" failed: Permission denied (13)
rsync: mkstemp "/var/opt/CrushFTP10/users/MainUsers/wiki/VFS/.Internal.JQcD0P" failed: Permission denied (13)
rsync error: some files/attrs were not transferred (see previous errors) (code 23) at main.c(1670) [generator=3.1.3]
rsync: failed to set times on "/var/opt/CrushFTP10/WebInterface/images": Operation not permitted (1)
rsync: mkstemp "/var/opt/CrushFTP10/WebInterface/images/.logo.png.zJKaYT" failed: Permission denied (13)
rsync: mkstemp "/var/opt/CrushFTP10/WebInterface/images/.logo.png.bak.Qs9TeI" failed: Permission denied (13)
rsync: mkstemp "/var/opt/CrushFTP10/WebInterface/images/.wheel.gif.A6bRyo" failed: Permission denied (13)
rsync: mkstemp "/var/opt/CrushFTP10/WebInterface/images/.white.gif.rlAbqE" failed: Permission denied (13)
rsync error: some files/attrs were not transferred (see previous errors) (code 23) at main.c(1670) [generator=3.1.3]
rsync: mkstemp "/var/opt/CrushFTP10/WebInterface/.favicon.ico.HBoywa" failed: Permission denied (13)
rsync error: some files/attrs were not transferred (see previous errors) (code 23) at main.c(1670) [generator=3.1.3]
